2025-06-01 17:28:39,072 - __main__ - INFO - Successfully converted to jinja2 -> output/junos.j2
2025-06-01 17:28:39,174 - __main__ - INFO - Successfully converted to xml -> output/junos.xml
2025-06-01 17:28:39,275 - __main__ - INFO - Successfully converted to json -> output/junos.json
2025-06-01 17:28:39,362 - __main__ - INFO - Successfully converted to jinja2 -> output/sros.j2
2025-06-01 17:28:39,439 - __main__ - INFO - Successfully converted to xml -> output/sros.xml
2025-06-01 17:28:39,524 - __main__ - INFO - Successfully converted to json -> output/sros.json
2025-06-01 17:30:06,256 - __main__ - INFO - Successfully converted to jinja2 -> output/junos.j2
2025-06-01 17:30:06,360 - __main__ - INFO - Successfully converted to xml -> output/junos.xml
2025-06-01 17:30:06,462 - __main__ - INFO - Successfully converted to json -> output/junos.json
2025-06-01 17:30:06,565 - __main__ - INFO - Successfully converted to jinja2 -> output/sros.j2
2025-06-01 17:30:06,666 - __main__ - INFO - Successfully converted to xml -> output/sros.xml
2025-06-01 17:30:06,769 - __main__ - INFO - Successfully converted to json -> output/sros.json
2025-06-01 17:33:53,994 - __main__ - INFO - Successfully converted to jinja2 -> output/junos.j2
2025-06-01 17:33:54,099 - __main__ - ERROR - Conversion failed: name 'junos_to_xml' is not defined
Traceback (most recent call last):
  File "/opt/cfgconvert/./cfgconvert.py", line 183, in main
    converted = junos_to_xml(config)
NameError: name 'junos_to_xml' is not defined

2025-06-01 17:33:54,205 - __main__ - INFO - Successfully converted to jinja2 -> output/sros.j2
2025-06-01 17:33:54,312 - __main__ - ERROR - Conversion failed: name 'sros_to_xml' is not defined
Traceback (most recent call last):
  File "/opt/cfgconvert/./cfgconvert.py", line 188, in main
    converted = sros_to_xml(config)
NameError: name 'sros_to_xml' is not defined

2025-06-01 17:33:54,417 - __main__ - INFO - Successfully converted to jinja2 -> output/ios.j2
2025-06-01 17:33:54,501 - __main__ - ERROR - Conversion failed: name 'ios_to_xml' is not defined
Traceback (most recent call last):
  File "/opt/cfgconvert/./cfgconvert.py", line 193, in main
    converted = ios_to_xml(config)
NameError: name 'ios_to_xml' is not defined

2025-06-01 17:33:54,581 - __main__ - ERROR - Conversion failed: local variable 'converted' referenced before assignment
Traceback (most recent call last):
  File "/opt/cfgconvert/./cfgconvert.py", line 209, in main
    f.write(converted)
UnboundLocalError: local variable 'converted' referenced before assignment

2025-06-01 17:33:54,684 - __main__ - ERROR - Conversion failed: local variable 'converted' referenced before assignment
Traceback (most recent call last):
  File "/opt/cfgconvert/./cfgconvert.py", line 209, in main
    f.write(converted)
UnboundLocalError: local variable 'converted' referenced before assignment

2025-06-01 17:33:54,787 - __main__ - ERROR - Conversion failed: local variable 'converted' referenced before assignment
Traceback (most recent call last):
  File "/opt/cfgconvert/./cfgconvert.py", line 209, in main
    f.write(converted)
UnboundLocalError: local variable 'converted' referenced before assignment

2025-06-01 17:38:31,349 - __main__ - INFO - Successfully converted to jinja2 -> output/junos.j2
2025-06-01 17:38:31,455 - __main__ - INFO - Successfully converted to xml -> output/junos.xml
2025-06-01 17:38:31,560 - __main__ - INFO - Successfully converted to json -> output/junos.json
2025-06-01 17:38:31,666 - __main__ - INFO - Successfully converted to jinja2 -> output/sros.j2
2025-06-01 17:38:31,771 - __main__ - INFO - Successfully converted to xml -> output/sros.xml
2025-06-01 17:38:31,859 - __main__ - INFO - Successfully converted to json -> output/sros.json
2025-06-01 17:38:31,933 - __main__ - INFO - Successfully converted to jinja2 -> output/ios.j2
2025-06-01 17:38:32,007 - __main__ - INFO - Successfully converted to xml -> output/ios.xml
2025-06-01 17:38:32,081 - __main__ - INFO - Successfully converted to json -> output/ios.json
2025-06-01 17:38:32,155 - __main__ - INFO - Successfully converted to jinja2 -> output/iosxr.j2
2025-06-01 17:38:32,228 - __main__ - INFO - Successfully converted to xml -> output/iosxr.xml
2025-06-01 17:38:32,302 - __main__ - INFO - Successfully converted to json -> output/iosxr.json
2025-06-01 17:38:32,365 - __main__ - INFO - Successfully converted to jinja2 -> output/eos.j2
2025-06-01 17:38:32,423 - __main__ - INFO - Successfully converted to xml -> output/eos.xml
2025-06-01 17:38:32,480 - __main__ - INFO - Successfully converted to json -> output/eos.json
2025-06-01 17:38:32,537 - __main__ - INFO - Successfully converted to jinja2 -> output/mikrotik.j2
2025-06-01 17:38:32,593 - __main__ - INFO - Successfully converted to xml -> output/mikrotik.xml
2025-06-01 17:38:32,650 - __main__ - INFO - Successfully converted to json -> output/mikrotik.json
